{"/Users/arveselovski/projects/photo-browser/src/index.js": {"path":"/Users/arveselovski/projects/photo-browser/src/index.js","statementMap":{"0":{"start":{"line":9,"column":0},"end":{"line":14,"column":2}}},"fnMap":{},"branchMap":{},"s":{"0":0},"f":{},"b":{}}
,"/Users/arveselovski/projects/photo-browser/src/components/App.js": {"path":"/Users/arveselovski/projects/photo-browser/src/components/App.js","statementMap":{"0":{"start":{"line":9,"column":19},"end":{"line":9,"column":57}},"1":{"start":{"line":9,"column":30},"end":{"line":9,"column":56}},"2":{"start":{"line":10,"column":18},"end":{"line":10,"column":62}},"3":{"start":{"line":10,"column":29},"end":{"line":10,"column":61}},"4":{"start":{"line":11,"column":19},"end":{"line":11,"column":57}},"5":{"start":{"line":11,"column":30},"end":{"line":11,"column":56}},"6":{"start":{"line":12,"column":18},"end":{"line":12,"column":62}},"7":{"start":{"line":12,"column":29},"end":{"line":12,"column":61}},"8":{"start":{"line":13,"column":18},"end":{"line":13,"column":55}},"9":{"start":{"line":13,"column":29},"end":{"line":13,"column":54}},"10":{"start":{"line":14,"column":17},"end":{"line":14,"column":59}},"11":{"start":{"line":14,"column":28},"end":{"line":14,"column":58}},"12":{"start":{"line":16,"column":17},"end":{"line":20,"column":1}},"13":{"start":{"line":17,"column":2},"end":{"line":19,"column":8}},"14":{"start":{"line":22,"column":12},"end":{"line":52,"column":1}},"15":{"start":{"line":23,"column":2},"end":{"line":51,"column":4}}},"fnMap":{"0":{"name":"(anonymous_0)","decl":{"start":{"line":9,"column":24},"end":{"line":9,"column":25}},"loc":{"start":{"line":9,"column":30},"end":{"line":9,"column":56}},"line":9},"1":{"name":"(anonymous_1)","decl":{"start":{"line":10,"column":23},"end":{"line":10,"column":24}},"loc":{"start":{"line":10,"column":29},"end":{"line":10,"column":61}},"line":10},"2":{"name":"(anonymous_2)","decl":{"start":{"line":11,"column":24},"end":{"line":11,"column":25}},"loc":{"start":{"line":11,"column":30},"end":{"line":11,"column":56}},"line":11},"3":{"name":"(anonymous_3)","decl":{"start":{"line":12,"column":23},"end":{"line":12,"column":24}},"loc":{"start":{"line":12,"column":29},"end":{"line":12,"column":61}},"line":12},"4":{"name":"(anonymous_4)","decl":{"start":{"line":13,"column":23},"end":{"line":13,"column":24}},"loc":{"start":{"line":13,"column":29},"end":{"line":13,"column":54}},"line":13},"5":{"name":"(anonymous_5)","decl":{"start":{"line":14,"column":22},"end":{"line":14,"column":23}},"loc":{"start":{"line":14,"column":28},"end":{"line":14,"column":58}},"line":14},"6":{"name":"(anonymous_6)","decl":{"start":{"line":16,"column":17},"end":{"line":16,"column":18}},"loc":{"start":{"line":17,"column":2},"end":{"line":19,"column":8}},"line":17},"7":{"name":"(anonymous_7)","decl":{"start":{"line":22,"column":12},"end":{"line":22,"column":13}},"loc":{"start":{"line":22,"column":18},"end":{"line":52,"column":1}},"line":22}},"branchMap":{},"s":{"0":1,"1":1,"2":1,"3":0,"4":1,"5":0,"6":1,"7":0,"8":1,"9":0,"10":1,"11":0,"12":1,"13":1,"14":1,"15":1},"f":{"0":1,"1":0,"2":0,"3":0,"4":0,"5":0,"6":1,"7":1},"b":{},"_coverageSchema":"1a1c01bbd47fc00a2c39e90264f33305004495a9","hash":"878b4cd1883109960fb767ec147eea7186749877"}
,"/Users/arveselovski/projects/photo-browser/src/components/common/AlbumList.js": {"path":"/Users/arveselovski/projects/photo-browser/src/components/common/AlbumList.js","statementMap":{"0":{"start":{"line":4,"column":18},"end":{"line":19,"column":1}},"1":{"start":{"line":5,"column":2},"end":{"line":18,"column":4}},"2":{"start":{"line":8,"column":8},"end":{"line":15,"column":14}}},"fnMap":{"0":{"name":"(anonymous_0)","decl":{"start":{"line":4,"column":18},"end":{"line":4,"column":19}},"loc":{"start":{"line":4,"column":39},"end":{"line":19,"column":1}},"line":4},"1":{"name":"(anonymous_1)","decl":{"start":{"line":7,"column":18},"end":{"line":7,"column":19}},"loc":{"start":{"line":8,"column":8},"end":{"line":15,"column":14}},"line":8}},"branchMap":{"0":{"loc":{"start":{"line":4,"column":21},"end":{"line":4,"column":32}},"type":"default-arg","locations":[{"start":{"line":4,"column":30},"end":{"line":4,"column":32}}],"line":4}},"s":{"0":0,"1":0,"2":0},"f":{"0":0,"1":0},"b":{"0":[0]}}
,"/Users/arveselovski/projects/photo-browser/src/components/common/Header.js": {"path":"/Users/arveselovski/projects/photo-browser/src/components/common/Header.js","statementMap":{"0":{"start":{"line":6,"column":15},"end":{"line":44,"column":1}},"1":{"start":{"line":7,"column":24},"end":{"line":7,"column":31}},"2":{"start":{"line":9,"column":2},"end":{"line":43,"column":4}}},"fnMap":{"0":{"name":"(anonymous_0)","decl":{"start":{"line":6,"column":15},"end":{"line":6,"column":16}},"loc":{"start":{"line":6,"column":21},"end":{"line":44,"column":1}},"line":6}},"branchMap":{},"s":{"0":1,"1":1,"2":1},"f":{"0":1},"b":{},"_coverageSchema":"1a1c01bbd47fc00a2c39e90264f33305004495a9","hash":"4eb9bcb40b3f1274d3eaff3cbae79bc2ad2e48ca"}
,"/Users/arveselovski/projects/photo-browser/src/components/common/Loading.js": {"path":"/Users/arveselovski/projects/photo-browser/src/components/common/Loading.js","statementMap":{"0":{"start":{"line":3,"column":16},"end":{"line":9,"column":1}},"1":{"start":{"line":4,"column":2},"end":{"line":8,"column":4}}},"fnMap":{"0":{"name":"(anonymous_0)","decl":{"start":{"line":3,"column":16},"end":{"line":3,"column":17}},"loc":{"start":{"line":3,"column":22},"end":{"line":9,"column":1}},"line":3}},"branchMap":{},"s":{"0":1,"1":1},"f":{"0":1},"b":{},"_coverageSchema":"1a1c01bbd47fc00a2c39e90264f33305004495a9","hash":"629f019dceb2fe1b1c476947c72213779cc15f8d"}
,"/Users/arveselovski/projects/photo-browser/src/components/common/MobileNav.js": {"path":"/Users/arveselovski/projects/photo-browser/src/components/common/MobileNav.js","statementMap":{"0":{"start":{"line":6,"column":18},"end":{"line":38,"column":1}},"1":{"start":{"line":7,"column":39},"end":{"line":7,"column":46}},"2":{"start":{"line":9,"column":2},"end":{"line":37,"column":4}}},"fnMap":{"0":{"name":"(anonymous_0)","decl":{"start":{"line":6,"column":18},"end":{"line":6,"column":19}},"loc":{"start":{"line":6,"column":24},"end":{"line":38,"column":1}},"line":6}},"branchMap":{"0":{"loc":{"start":{"line":11,"column":35},"end":{"line":11,"column":63}},"type":"cond-expr","locations":[{"start":{"line":11,"column":51},"end":{"line":11,"column":58}},{"start":{"line":11,"column":61},"end":{"line":11,"column":63}}],"line":11},"1":{"loc":{"start":{"line":35,"column":33},"end":{"line":35,"column":61}},"type":"cond-expr","locations":[{"start":{"line":35,"column":49},"end":{"line":35,"column":56}},{"start":{"line":35,"column":59},"end":{"line":35,"column":61}}],"line":35}},"s":{"0":1,"1":1,"2":1},"f":{"0":1},"b":{"0":[0,1],"1":[0,1]},"_coverageSchema":"1a1c01bbd47fc00a2c39e90264f33305004495a9","hash":"557d3f56fe83f5359ed30f3261c2ebdb76bc9a25"}
,"/Users/arveselovski/projects/photo-browser/src/components/common/Pagination.js": {"path":"/Users/arveselovski/projects/photo-browser/src/components/common/Pagination.js","statementMap":{"0":{"start":{"line":3,"column":19},"end":{"line":28,"column":1}},"1":{"start":{"line":4,"column":23},"end":{"line":4,"column":32}},"2":{"start":{"line":5,"column":23},"end":{"line":5,"column":36}},"3":{"start":{"line":7,"column":22},"end":{"line":11,"column":3}},"4":{"start":{"line":8,"column":4},"end":{"line":8,"column":47}},"5":{"start":{"line":8,"column":40},"end":{"line":8,"column":47}},"6":{"start":{"line":10,"column":4},"end":{"line":10,"column":24}},"7":{"start":{"line":13,"column":2},"end":{"line":27,"column":4}},"8":{"start":{"line":18,"column":72},"end":{"line":18,"column":93}},"9":{"start":{"line":22,"column":72},"end":{"line":22,"column":93}}},"fnMap":{"0":{"name":"(anonymous_0)","decl":{"start":{"line":3,"column":19},"end":{"line":3,"column":20}},"loc":{"start":{"line":3,"column":105},"end":{"line":28,"column":1}},"line":3},"1":{"name":"(anonymous_1)","decl":{"start":{"line":3,"column":90},"end":{"line":3,"column":91}},"loc":{"start":{"line":3,"column":96},"end":{"line":3,"column":98}},"line":3},"2":{"name":"(anonymous_2)","decl":{"start":{"line":7,"column":22},"end":{"line":7,"column":23}},"loc":{"start":{"line":7,"column":35},"end":{"line":11,"column":3}},"line":7},"3":{"name":"(anonymous_3)","decl":{"start":{"line":18,"column":66},"end":{"line":18,"column":67}},"loc":{"start":{"line":18,"column":72},"end":{"line":18,"column":93}},"line":18},"4":{"name":"(anonymous_4)","decl":{"start":{"line":22,"column":66},"end":{"line":22,"column":67}},"loc":{"start":{"line":22,"column":72},"end":{"line":22,"column":93}},"line":22}},"branchMap":{"0":{"loc":{"start":{"line":3,"column":22},"end":{"line":3,"column":30}},"type":"default-arg","locations":[{"start":{"line":3,"column":29},"end":{"line":3,"column":30}}],"line":3},"1":{"loc":{"start":{"line":3,"column":32},"end":{"line":3,"column":41}},"type":"default-arg","locations":[{"start":{"line":3,"column":40},"end":{"line":3,"column":41}}],"line":3},"2":{"loc":{"start":{"line":3,"column":43},"end":{"line":3,"column":60}},"type":"default-arg","locations":[{"start":{"line":3,"column":58},"end":{"line":3,"column":60}}],"line":3},"3":{"loc":{"start":{"line":3,"column":62},"end":{"line":3,"column":75}},"type":"default-arg","locations":[{"start":{"line":3,"column":73},"end":{"line":3,"column":75}}],"line":3},"4":{"loc":{"start":{"line":3,"column":77},"end":{"line":3,"column":98}},"type":"default-arg","locations":[{"start":{"line":3,"column":90},"end":{"line":3,"column":98}}],"line":3},"5":{"loc":{"start":{"line":8,"column":4},"end":{"line":8,"column":47}},"type":"if","locations":[{"start":{"line":8,"column":4},"end":{"line":8,"column":47}},{"start":{"line":8,"column":4},"end":{"line":8,"column":47}}],"line":8},"6":{"loc":{"start":{"line":8,"column":8},"end":{"line":8,"column":38}},"type":"binary-expr","locations":[{"start":{"line":8,"column":8},"end":{"line":8,"column":19}},{"start":{"line":8,"column":23},"end":{"line":8,"column":38}}],"line":8},"7":{"loc":{"start":{"line":20,"column":9},"end":{"line":20,"column":43}},"type":"binary-expr","locations":[{"start":{"line":20,"column":9},"end":{"line":20,"column":21}},{"start":{"line":20,"column":25},"end":{"line":20,"column":43}}],"line":20},"8":{"loc":{"start":{"line":23,"column":9},"end":{"line":23,"column":35}},"type":"binary-expr","locations":[{"start":{"line":23,"column":9},"end":{"line":23,"column":17}},{"start":{"line":23,"column":21},"end":{"line":23,"column":35}}],"line":23}},"s":{"0":1,"1":0,"2":0,"3":0,"4":0,"5":0,"6":0,"7":0,"8":0,"9":0},"f":{"0":0,"1":0,"2":0,"3":0,"4":0},"b":{"0":[0],"1":[0],"2":[0],"3":[0],"4":[0],"5":[0,0],"6":[0,0],"7":[0,0],"8":[0,0]},"_coverageSchema":"1a1c01bbd47fc00a2c39e90264f33305004495a9","hash":"59310966317714d9df2ff819451f999f1ddc78b8"}
,"/Users/arveselovski/projects/photo-browser/src/components/common/PhotoGrid.js": {"path":"/Users/arveselovski/projects/photo-browser/src/components/common/PhotoGrid.js","statementMap":{"0":{"start":{"line":4,"column":18},"end":{"line":16,"column":1}},"1":{"start":{"line":5,"column":2},"end":{"line":15,"column":4}},"2":{"start":{"line":8,"column":8},"end":{"line":12,"column":14}}},"fnMap":{"0":{"name":"(anonymous_0)","decl":{"start":{"line":4,"column":18},"end":{"line":4,"column":19}},"loc":{"start":{"line":4,"column":39},"end":{"line":16,"column":1}},"line":4},"1":{"name":"(anonymous_1)","decl":{"start":{"line":7,"column":18},"end":{"line":7,"column":19}},"loc":{"start":{"line":8,"column":8},"end":{"line":12,"column":14}},"line":8}},"branchMap":{"0":{"loc":{"start":{"line":4,"column":21},"end":{"line":4,"column":32}},"type":"default-arg","locations":[{"start":{"line":4,"column":30},"end":{"line":4,"column":32}}],"line":4},"1":{"loc":{"start":{"line":10,"column":43},"end":{"line":10,"column":61}},"type":"binary-expr","locations":[{"start":{"line":10,"column":43},"end":{"line":10,"column":50}},{"start":{"line":10,"column":54},"end":{"line":10,"column":61}}],"line":10}},"s":{"0":1,"1":0,"2":0},"f":{"0":0,"1":0},"b":{"0":[0],"1":[0,0]},"_coverageSchema":"1a1c01bbd47fc00a2c39e90264f33305004495a9","hash":"a40236777ab03cf425e4421783743cff5ae8d3a5"}
,"/Users/arveselovski/projects/photo-browser/src/components/users/UserList.js": {"path":"/Users/arveselovski/projects/photo-browser/src/components/users/UserList.js","statementMap":{"0":{"start":{"line":4,"column":17},"end":{"line":20,"column":1}},"1":{"start":{"line":5,"column":2},"end":{"line":19,"column":4}},"2":{"start":{"line":8,"column":8},"end":{"line":16,"column":14}}},"fnMap":{"0":{"name":"(anonymous_0)","decl":{"start":{"line":4,"column":17},"end":{"line":4,"column":18}},"loc":{"start":{"line":4,"column":37},"end":{"line":20,"column":1}},"line":4},"1":{"name":"(anonymous_1)","decl":{"start":{"line":7,"column":17},"end":{"line":7,"column":18}},"loc":{"start":{"line":8,"column":8},"end":{"line":16,"column":14}},"line":8}},"branchMap":{"0":{"loc":{"start":{"line":4,"column":20},"end":{"line":4,"column":30}},"type":"default-arg","locations":[{"start":{"line":4,"column":28},"end":{"line":4,"column":30}}],"line":4}},"s":{"0":0,"1":0,"2":0},"f":{"0":0,"1":0},"b":{"0":[0]}}
,"/Users/arveselovski/projects/photo-browser/src/context/UiContext.js": {"path":"/Users/arveselovski/projects/photo-browser/src/context/UiContext.js","statementMap":{"0":{"start":{"line":3,"column":18},"end":{"line":3,"column":39}},"1":{"start":{"line":6,"column":2},"end":{"line":6,"column":31}},"2":{"start":{"line":10,"column":44},"end":{"line":10,"column":59}},"3":{"start":{"line":13,"column":4},"end":{"line":13,"column":56}},"4":{"start":{"line":13,"column":40},"end":{"line":13,"column":54}},"5":{"start":{"line":16,"column":2},"end":{"line":16,"column":98}}},"fnMap":{"0":{"name":"useUi","decl":{"start":{"line":5,"column":16},"end":{"line":5,"column":21}},"loc":{"start":{"line":5,"column":24},"end":{"line":7,"column":1}},"line":5},"1":{"name":"UiProvider","decl":{"start":{"line":9,"column":16},"end":{"line":9,"column":26}},"loc":{"start":{"line":9,"column":41},"end":{"line":17,"column":1}},"line":9},"2":{"name":"toggleNav","decl":{"start":{"line":12,"column":11},"end":{"line":12,"column":20}},"loc":{"start":{"line":12,"column":23},"end":{"line":14,"column":3}},"line":12},"3":{"name":"(anonymous_3)","decl":{"start":{"line":13,"column":21},"end":{"line":13,"column":22}},"loc":{"start":{"line":13,"column":40},"end":{"line":13,"column":54}},"line":13}},"branchMap":{},"s":{"0":1,"1":2,"2":1,"3":0,"4":0,"5":1},"f":{"0":2,"1":1,"2":0,"3":0},"b":{},"_coverageSchema":"1a1c01bbd47fc00a2c39e90264f33305004495a9","hash":"d4fdaca5db8826e3defdd121a1c35b6bfd18e4ad"}
,"/Users/arveselovski/projects/photo-browser/src/routes/albums/album.js": {"path":"/Users/arveselovski/projects/photo-browser/src/routes/albums/album.js","statementMap":{"0":{"start":{"line":10,"column":32},"end":{"line":10,"column":46}},"1":{"start":{"line":11,"column":28},"end":{"line":11,"column":42}},"2":{"start":{"line":12,"column":40},"end":{"line":12,"column":52}},"3":{"start":{"line":13,"column":34},"end":{"line":13,"column":48}},"4":{"start":{"line":15,"column":18},"end":{"line":15,"column":30}},"5":{"start":{"line":16,"column":17},"end":{"line":16,"column":28}},"6":{"start":{"line":18,"column":18},"end":{"line":20,"column":3}},"7":{"start":{"line":19,"column":4},"end":{"line":19,"column":21}},"8":{"start":{"line":22,"column":20},"end":{"line":36,"column":3}},"9":{"start":{"line":23,"column":4},"end":{"line":23,"column":21}},"10":{"start":{"line":25,"column":21},"end":{"line":25,"column":60}},"11":{"start":{"line":28,"column":4},"end":{"line":35,"column":5}},"12":{"start":{"line":29,"column":6},"end":{"line":29,"column":31}},"13":{"start":{"line":30,"column":6},"end":{"line":30,"column":24}},"14":{"start":{"line":31,"column":6},"end":{"line":31,"column":39}},"15":{"start":{"line":33,"column":6},"end":{"line":33,"column":24}},"16":{"start":{"line":38,"column":26},"end":{"line":51,"column":3}},"17":{"start":{"line":39,"column":4},"end":{"line":39,"column":21}},"18":{"start":{"line":41,"column":21},"end":{"line":41,"column":67}},"19":{"start":{"line":44,"column":4},"end":{"line":50,"column":5}},"20":{"start":{"line":45,"column":6},"end":{"line":45,"column":37}},"21":{"start":{"line":46,"column":6},"end":{"line":46,"column":24}},"22":{"start":{"line":48,"column":6},"end":{"line":48,"column":24}},"23":{"start":{"line":53,"column":19},"end":{"line":63,"column":3}},"24":{"start":{"line":54,"column":21},"end":{"line":54,"column":51}},"25":{"start":{"line":57,"column":4},"end":{"line":62,"column":5}},"26":{"start":{"line":58,"column":6},"end":{"line":58,"column":44}},"27":{"start":{"line":60,"column":6},"end":{"line":60,"column":30}},"28":{"start":{"line":65,"column":2},"end":{"line":72,"column":9}},"29":{"start":{"line":70,"column":4},"end":{"line":70,"column":16}},"30":{"start":{"line":71,"column":4},"end":{"line":71,"column":22}},"31":{"start":{"line":74,"column":2},"end":{"line":97,"column":4}}},"fnMap":{"0":{"name":"(anonymous_0)","decl":{"start":{"line":9,"column":15},"end":{"line":9,"column":16}},"loc":{"start":{"line":9,"column":21},"end":{"line":98,"column":1}},"line":9},"1":{"name":"(anonymous_1)","decl":{"start":{"line":18,"column":18},"end":{"line":18,"column":19}},"loc":{"start":{"line":18,"column":24},"end":{"line":20,"column":3}},"line":18},"2":{"name":"(anonymous_2)","decl":{"start":{"line":22,"column":20},"end":{"line":22,"column":21}},"loc":{"start":{"line":22,"column":32},"end":{"line":36,"column":3}},"line":22},"3":{"name":"(anonymous_3)","decl":{"start":{"line":38,"column":26},"end":{"line":38,"column":27}},"loc":{"start":{"line":38,"column":38},"end":{"line":51,"column":3}},"line":38},"4":{"name":"(anonymous_4)","decl":{"start":{"line":53,"column":19},"end":{"line":53,"column":20}},"loc":{"start":{"line":53,"column":33},"end":{"line":63,"column":3}},"line":53},"5":{"name":"(anonymous_5)","decl":{"start":{"line":65,"column":12},"end":{"line":65,"column":13}},"loc":{"start":{"line":65,"column":18},"end":{"line":72,"column":3}},"line":65}},"branchMap":{"0":{"loc":{"start":{"line":28,"column":4},"end":{"line":35,"column":5}},"type":"if","locations":[{"start":{"line":28,"column":4},"end":{"line":35,"column":5}},{"start":{"line":28,"column":4},"end":{"line":35,"column":5}}],"line":28},"1":{"loc":{"start":{"line":44,"column":4},"end":{"line":50,"column":5}},"type":"if","locations":[{"start":{"line":44,"column":4},"end":{"line":50,"column":5}},{"start":{"line":44,"column":4},"end":{"line":50,"column":5}}],"line":44},"2":{"loc":{"start":{"line":57,"column":4},"end":{"line":62,"column":5}},"type":"if","locations":[{"start":{"line":57,"column":4},"end":{"line":62,"column":5}},{"start":{"line":57,"column":4},"end":{"line":62,"column":5}}],"line":57},"3":{"loc":{"start":{"line":82,"column":9},"end":{"line":94,"column":9}},"type":"cond-expr","locations":[{"start":{"line":83,"column":10},"end":{"line":83,"column":21}},{"start":{"line":85,"column":10},"end":{"line":93,"column":13}}],"line":82},"4":{"loc":{"start":{"line":88,"column":19},"end":{"line":88,"column":93}},"type":"cond-expr","locations":[{"start":{"line":88,"column":31},"end":{"line":88,"column":36}},{"start":{"line":88,"column":39},"end":{"line":88,"column":93}}],"line":88}},"s":{"0":0,"1":0,"2":0,"3":0,"4":0,"5":0,"6":0,"7":0,"8":0,"9":0,"10":0,"11":0,"12":0,"13":0,"14":0,"15":0,"16":0,"17":0,"18":0,"19":0,"20":0,"21":0,"22":0,"23":0,"24":0,"25":0,"26":0,"27":0,"28":0,"29":0,"30":0,"31":0},"f":{"0":0,"1":0,"2":0,"3":0,"4":0,"5":0},"b":{"0":[0,0],"1":[0,0],"2":[0,0],"3":[0,0],"4":[0,0]}}
,"/Users/arveselovski/projects/photo-browser/src/routes/albums/index.js": {"path":"/Users/arveselovski/projects/photo-browser/src/routes/albums/index.js","statementMap":{"0":{"start":{"line":12,"column":32},"end":{"line":12,"column":46}},"1":{"start":{"line":13,"column":30},"end":{"line":13,"column":42}},"2":{"start":{"line":14,"column":26},"end":{"line":14,"column":37}},"3":{"start":{"line":15,"column":38},"end":{"line":15,"column":49}},"4":{"start":{"line":17,"column":16},"end":{"line":17,"column":26}},"5":{"start":{"line":18,"column":18},"end":{"line":18,"column":30}},"6":{"start":{"line":20,"column":19},"end":{"line":27,"column":3}},"7":{"start":{"line":21,"column":19},"end":{"line":21,"column":40}},"8":{"start":{"line":23,"column":4},"end":{"line":23,"column":36}},"9":{"start":{"line":24,"column":4},"end":{"line":24,"column":48}},"10":{"start":{"line":26,"column":4},"end":{"line":26,"column":21}},"11":{"start":{"line":29,"column":21},"end":{"line":44,"column":3}},"12":{"start":{"line":30,"column":4},"end":{"line":30,"column":21}},"13":{"start":{"line":32,"column":18},"end":{"line":32,"column":20}},"14":{"start":{"line":33,"column":21},"end":{"line":33,"column":77}},"15":{"start":{"line":36,"column":4},"end":{"line":43,"column":5}},"16":{"start":{"line":37,"column":6},"end":{"line":37,"column":32}},"17":{"start":{"line":38,"column":6},"end":{"line":38,"column":73}},"18":{"start":{"line":39,"column":6},"end":{"line":39,"column":24}},"19":{"start":{"line":41,"column":6},"end":{"line":41,"column":24}},"20":{"start":{"line":46,"column":2},"end":{"line":51,"column":13}},"21":{"start":{"line":47,"column":18},"end":{"line":47,"column":49}},"22":{"start":{"line":49,"column":4},"end":{"line":49,"column":19}},"23":{"start":{"line":50,"column":4},"end":{"line":50,"column":22}},"24":{"start":{"line":53,"column":2},"end":{"line":67,"column":4}}},"fnMap":{"0":{"name":"(anonymous_0)","decl":{"start":{"line":11,"column":15},"end":{"line":11,"column":16}},"loc":{"start":{"line":11,"column":21},"end":{"line":68,"column":1}},"line":11},"1":{"name":"(anonymous_1)","decl":{"start":{"line":20,"column":19},"end":{"line":20,"column":20}},"loc":{"start":{"line":20,"column":32},"end":{"line":27,"column":3}},"line":20},"2":{"name":"(anonymous_2)","decl":{"start":{"line":29,"column":21},"end":{"line":29,"column":22}},"loc":{"start":{"line":29,"column":38},"end":{"line":44,"column":3}},"line":29},"3":{"name":"(anonymous_3)","decl":{"start":{"line":46,"column":12},"end":{"line":46,"column":13}},"loc":{"start":{"line":46,"column":18},"end":{"line":51,"column":3}},"line":46}},"branchMap":{"0":{"loc":{"start":{"line":36,"column":4},"end":{"line":43,"column":5}},"type":"if","locations":[{"start":{"line":36,"column":4},"end":{"line":43,"column":5}},{"start":{"line":36,"column":4},"end":{"line":43,"column":5}}],"line":36},"1":{"loc":{"start":{"line":38,"column":31},"end":{"line":38,"column":61}},"type":"binary-expr","locations":[{"start":{"line":38,"column":31},"end":{"line":38,"column":52}},{"start":{"line":38,"column":56},"end":{"line":38,"column":61}}],"line":38},"2":{"loc":{"start":{"line":47,"column":25},"end":{"line":47,"column":48}},"type":"binary-expr","locations":[{"start":{"line":47,"column":25},"end":{"line":47,"column":43}},{"start":{"line":47,"column":47},"end":{"line":47,"column":48}}],"line":47},"3":{"loc":{"start":{"line":65,"column":32},"end":{"line":65,"column":85}},"type":"cond-expr","locations":[{"start":{"line":65,"column":42},"end":{"line":65,"column":53}},{"start":{"line":65,"column":56},"end":{"line":65,"column":85}}],"line":65}},"s":{"0":0,"1":0,"2":0,"3":0,"4":0,"5":0,"6":0,"7":0,"8":0,"9":0,"10":0,"11":0,"12":0,"13":0,"14":0,"15":0,"16":0,"17":0,"18":0,"19":0,"20":0,"21":0,"22":0,"23":0,"24":0},"f":{"0":0,"1":0,"2":0,"3":0},"b":{"0":[0,0],"1":[0,0],"2":[0,0],"3":[0,0]}}
,"/Users/arveselovski/projects/photo-browser/src/routes/photos/index.js": {"path":"/Users/arveselovski/projects/photo-browser/src/routes/photos/index.js","statementMap":{"0":{"start":{"line":12,"column":32},"end":{"line":12,"column":46}},"1":{"start":{"line":13,"column":30},"end":{"line":13,"column":42}},"2":{"start":{"line":14,"column":26},"end":{"line":14,"column":37}},"3":{"start":{"line":15,"column":38},"end":{"line":15,"column":49}},"4":{"start":{"line":17,"column":16},"end":{"line":17,"column":26}},"5":{"start":{"line":18,"column":18},"end":{"line":18,"column":30}},"6":{"start":{"line":20,"column":19},"end":{"line":27,"column":3}},"7":{"start":{"line":21,"column":19},"end":{"line":21,"column":40}},"8":{"start":{"line":23,"column":4},"end":{"line":23,"column":36}},"9":{"start":{"line":24,"column":4},"end":{"line":24,"column":48}},"10":{"start":{"line":26,"column":4},"end":{"line":26,"column":21}},"11":{"start":{"line":29,"column":21},"end":{"line":44,"column":3}},"12":{"start":{"line":30,"column":4},"end":{"line":30,"column":21}},"13":{"start":{"line":32,"column":18},"end":{"line":32,"column":20}},"14":{"start":{"line":33,"column":21},"end":{"line":33,"column":77}},"15":{"start":{"line":36,"column":4},"end":{"line":43,"column":5}},"16":{"start":{"line":37,"column":6},"end":{"line":37,"column":32}},"17":{"start":{"line":38,"column":6},"end":{"line":38,"column":73}},"18":{"start":{"line":39,"column":6},"end":{"line":39,"column":24}},"19":{"start":{"line":41,"column":6},"end":{"line":41,"column":24}},"20":{"start":{"line":46,"column":2},"end":{"line":51,"column":13}},"21":{"start":{"line":47,"column":18},"end":{"line":47,"column":49}},"22":{"start":{"line":49,"column":4},"end":{"line":49,"column":19}},"23":{"start":{"line":50,"column":4},"end":{"line":50,"column":22}},"24":{"start":{"line":53,"column":2},"end":{"line":67,"column":4}}},"fnMap":{"0":{"name":"(anonymous_0)","decl":{"start":{"line":11,"column":15},"end":{"line":11,"column":16}},"loc":{"start":{"line":11,"column":21},"end":{"line":68,"column":1}},"line":11},"1":{"name":"(anonymous_1)","decl":{"start":{"line":20,"column":19},"end":{"line":20,"column":20}},"loc":{"start":{"line":20,"column":32},"end":{"line":27,"column":3}},"line":20},"2":{"name":"(anonymous_2)","decl":{"start":{"line":29,"column":21},"end":{"line":29,"column":22}},"loc":{"start":{"line":29,"column":38},"end":{"line":44,"column":3}},"line":29},"3":{"name":"(anonymous_3)","decl":{"start":{"line":46,"column":12},"end":{"line":46,"column":13}},"loc":{"start":{"line":46,"column":18},"end":{"line":51,"column":3}},"line":46}},"branchMap":{"0":{"loc":{"start":{"line":36,"column":4},"end":{"line":43,"column":5}},"type":"if","locations":[{"start":{"line":36,"column":4},"end":{"line":43,"column":5}},{"start":{"line":36,"column":4},"end":{"line":43,"column":5}}],"line":36},"1":{"loc":{"start":{"line":38,"column":31},"end":{"line":38,"column":61}},"type":"binary-expr","locations":[{"start":{"line":38,"column":31},"end":{"line":38,"column":52}},{"start":{"line":38,"column":56},"end":{"line":38,"column":61}}],"line":38},"2":{"loc":{"start":{"line":47,"column":25},"end":{"line":47,"column":48}},"type":"binary-expr","locations":[{"start":{"line":47,"column":25},"end":{"line":47,"column":43}},{"start":{"line":47,"column":47},"end":{"line":47,"column":48}}],"line":47},"3":{"loc":{"start":{"line":65,"column":32},"end":{"line":65,"column":85}},"type":"cond-expr","locations":[{"start":{"line":65,"column":42},"end":{"line":65,"column":53}},{"start":{"line":65,"column":56},"end":{"line":65,"column":85}}],"line":65}},"s":{"0":0,"1":0,"2":0,"3":0,"4":0,"5":0,"6":0,"7":0,"8":0,"9":0,"10":0,"11":0,"12":0,"13":0,"14":0,"15":0,"16":0,"17":0,"18":0,"19":0,"20":0,"21":0,"22":0,"23":0,"24":0},"f":{"0":0,"1":0,"2":0,"3":0},"b":{"0":[0,0],"1":[0,0],"2":[0,0],"3":[0,0]},"_coverageSchema":"1a1c01bbd47fc00a2c39e90264f33305004495a9","hash":"def57859f8319fda4d7dfc123febe6fa1b1adb13"}
,"/Users/arveselovski/projects/photo-browser/src/routes/photos/photo.js": {"path":"/Users/arveselovski/projects/photo-browser/src/routes/photos/photo.js","statementMap":{"0":{"start":{"line":9,"column":32},"end":{"line":9,"column":46}},"1":{"start":{"line":10,"column":28},"end":{"line":10,"column":42}},"2":{"start":{"line":12,"column":18},"end":{"line":12,"column":30}},"3":{"start":{"line":13,"column":17},"end":{"line":13,"column":28}},"4":{"start":{"line":15,"column":18},"end":{"line":17,"column":3}},"5":{"start":{"line":16,"column":4},"end":{"line":16,"column":21}},"6":{"start":{"line":19,"column":20},"end":{"line":32,"column":3}},"7":{"start":{"line":20,"column":4},"end":{"line":20,"column":21}},"8":{"start":{"line":22,"column":21},"end":{"line":22,"column":60}},"9":{"start":{"line":25,"column":4},"end":{"line":31,"column":5}},"10":{"start":{"line":26,"column":6},"end":{"line":26,"column":31}},"11":{"start":{"line":27,"column":6},"end":{"line":27,"column":24}},"12":{"start":{"line":29,"column":6},"end":{"line":29,"column":24}},"13":{"start":{"line":34,"column":2},"end":{"line":36,"column":9}},"14":{"start":{"line":35,"column":4},"end":{"line":35,"column":16}},"15":{"start":{"line":38,"column":2},"end":{"line":61,"column":4}}},"fnMap":{"0":{"name":"(anonymous_0)","decl":{"start":{"line":8,"column":15},"end":{"line":8,"column":16}},"loc":{"start":{"line":8,"column":21},"end":{"line":62,"column":1}},"line":8},"1":{"name":"(anonymous_1)","decl":{"start":{"line":15,"column":18},"end":{"line":15,"column":19}},"loc":{"start":{"line":15,"column":24},"end":{"line":17,"column":3}},"line":15},"2":{"name":"(anonymous_2)","decl":{"start":{"line":19,"column":20},"end":{"line":19,"column":21}},"loc":{"start":{"line":19,"column":32},"end":{"line":32,"column":3}},"line":19},"3":{"name":"(anonymous_3)","decl":{"start":{"line":34,"column":12},"end":{"line":34,"column":13}},"loc":{"start":{"line":34,"column":18},"end":{"line":36,"column":3}},"line":34}},"branchMap":{"0":{"loc":{"start":{"line":25,"column":4},"end":{"line":31,"column":5}},"type":"if","locations":[{"start":{"line":25,"column":4},"end":{"line":31,"column":5}},{"start":{"line":25,"column":4},"end":{"line":31,"column":5}}],"line":25},"1":{"loc":{"start":{"line":46,"column":9},"end":{"line":58,"column":9}},"type":"cond-expr","locations":[{"start":{"line":47,"column":10},"end":{"line":47,"column":21}},{"start":{"line":49,"column":10},"end":{"line":57,"column":13}}],"line":46}},"s":{"0":0,"1":0,"2":0,"3":0,"4":0,"5":0,"6":0,"7":0,"8":0,"9":0,"10":0,"11":0,"12":0,"13":0,"14":0,"15":0},"f":{"0":0,"1":0,"2":0,"3":0},"b":{"0":[0,0],"1":[0,0]}}
,"/Users/arveselovski/projects/photo-browser/src/routes/users/index.js": {"path":"/Users/arveselovski/projects/photo-browser/src/routes/users/index.js","statementMap":{"0":{"start":{"line":12,"column":32},"end":{"line":12,"column":46}},"1":{"start":{"line":13,"column":28},"end":{"line":13,"column":40}},"2":{"start":{"line":14,"column":26},"end":{"line":14,"column":37}},"3":{"start":{"line":15,"column":38},"end":{"line":15,"column":49}},"4":{"start":{"line":17,"column":16},"end":{"line":17,"column":26}},"5":{"start":{"line":18,"column":18},"end":{"line":18,"column":30}},"6":{"start":{"line":20,"column":19},"end":{"line":27,"column":3}},"7":{"start":{"line":21,"column":19},"end":{"line":21,"column":40}},"8":{"start":{"line":23,"column":4},"end":{"line":23,"column":36}},"9":{"start":{"line":24,"column":4},"end":{"line":24,"column":48}},"10":{"start":{"line":26,"column":4},"end":{"line":26,"column":21}},"11":{"start":{"line":29,"column":20},"end":{"line":44,"column":3}},"12":{"start":{"line":30,"column":4},"end":{"line":30,"column":21}},"13":{"start":{"line":32,"column":18},"end":{"line":32,"column":20}},"14":{"start":{"line":33,"column":21},"end":{"line":33,"column":76}},"15":{"start":{"line":36,"column":4},"end":{"line":43,"column":5}},"16":{"start":{"line":37,"column":6},"end":{"line":37,"column":31}},"17":{"start":{"line":38,"column":6},"end":{"line":38,"column":73}},"18":{"start":{"line":39,"column":6},"end":{"line":39,"column":24}},"19":{"start":{"line":41,"column":6},"end":{"line":41,"column":24}},"20":{"start":{"line":46,"column":2},"end":{"line":51,"column":13}},"21":{"start":{"line":47,"column":18},"end":{"line":47,"column":49}},"22":{"start":{"line":49,"column":4},"end":{"line":49,"column":19}},"23":{"start":{"line":50,"column":4},"end":{"line":50,"column":21}},"24":{"start":{"line":53,"column":2},"end":{"line":68,"column":4}}},"fnMap":{"0":{"name":"(anonymous_0)","decl":{"start":{"line":11,"column":15},"end":{"line":11,"column":16}},"loc":{"start":{"line":11,"column":21},"end":{"line":69,"column":1}},"line":11},"1":{"name":"(anonymous_1)","decl":{"start":{"line":20,"column":19},"end":{"line":20,"column":20}},"loc":{"start":{"line":20,"column":32},"end":{"line":27,"column":3}},"line":20},"2":{"name":"(anonymous_2)","decl":{"start":{"line":29,"column":20},"end":{"line":29,"column":21}},"loc":{"start":{"line":29,"column":37},"end":{"line":44,"column":3}},"line":29},"3":{"name":"(anonymous_3)","decl":{"start":{"line":46,"column":12},"end":{"line":46,"column":13}},"loc":{"start":{"line":46,"column":18},"end":{"line":51,"column":3}},"line":46}},"branchMap":{"0":{"loc":{"start":{"line":36,"column":4},"end":{"line":43,"column":5}},"type":"if","locations":[{"start":{"line":36,"column":4},"end":{"line":43,"column":5}},{"start":{"line":36,"column":4},"end":{"line":43,"column":5}}],"line":36},"1":{"loc":{"start":{"line":38,"column":31},"end":{"line":38,"column":61}},"type":"binary-expr","locations":[{"start":{"line":38,"column":31},"end":{"line":38,"column":52}},{"start":{"line":38,"column":56},"end":{"line":38,"column":61}}],"line":38},"2":{"loc":{"start":{"line":47,"column":25},"end":{"line":47,"column":48}},"type":"binary-expr","locations":[{"start":{"line":47,"column":25},"end":{"line":47,"column":43}},{"start":{"line":47,"column":47},"end":{"line":47,"column":48}}],"line":47},"3":{"loc":{"start":{"line":66,"column":32},"end":{"line":66,"column":82}},"type":"cond-expr","locations":[{"start":{"line":66,"column":42},"end":{"line":66,"column":53}},{"start":{"line":66,"column":56},"end":{"line":66,"column":82}}],"line":66}},"s":{"0":0,"1":0,"2":0,"3":0,"4":0,"5":0,"6":0,"7":0,"8":0,"9":0,"10":0,"11":0,"12":0,"13":0,"14":0,"15":0,"16":0,"17":0,"18":0,"19":0,"20":0,"21":0,"22":0,"23":0,"24":0},"f":{"0":0,"1":0,"2":0,"3":0},"b":{"0":[0,0],"1":[0,0],"2":[0,0],"3":[0,0]}}
,"/Users/arveselovski/projects/photo-browser/src/routes/users/user.js": {"path":"/Users/arveselovski/projects/photo-browser/src/routes/users/user.js","statementMap":{"0":{"start":{"line":10,"column":32},"end":{"line":10,"column":46}},"1":{"start":{"line":11,"column":26},"end":{"line":11,"column":40}},"2":{"start":{"line":12,"column":38},"end":{"line":12,"column":50}},"3":{"start":{"line":13,"column":18},"end":{"line":13,"column":30}},"4":{"start":{"line":14,"column":17},"end":{"line":14,"column":28}},"5":{"start":{"line":16,"column":18},"end":{"line":18,"column":3}},"6":{"start":{"line":17,"column":4},"end":{"line":17,"column":21}},"7":{"start":{"line":20,"column":19},"end":{"line":33,"column":3}},"8":{"start":{"line":21,"column":4},"end":{"line":21,"column":21}},"9":{"start":{"line":23,"column":21},"end":{"line":23,"column":59}},"10":{"start":{"line":26,"column":4},"end":{"line":32,"column":5}},"11":{"start":{"line":27,"column":6},"end":{"line":27,"column":30}},"12":{"start":{"line":28,"column":6},"end":{"line":28,"column":24}},"13":{"start":{"line":30,"column":6},"end":{"line":30,"column":24}},"14":{"start":{"line":35,"column":25},"end":{"line":48,"column":3}},"15":{"start":{"line":36,"column":4},"end":{"line":36,"column":21}},"16":{"start":{"line":38,"column":21},"end":{"line":38,"column":66}},"17":{"start":{"line":41,"column":4},"end":{"line":47,"column":5}},"18":{"start":{"line":42,"column":6},"end":{"line":42,"column":36}},"19":{"start":{"line":43,"column":6},"end":{"line":43,"column":24}},"20":{"start":{"line":45,"column":6},"end":{"line":45,"column":24}},"21":{"start":{"line":50,"column":2},"end":{"line":57,"column":9}},"22":{"start":{"line":55,"column":4},"end":{"line":55,"column":15}},"23":{"start":{"line":56,"column":4},"end":{"line":56,"column":21}},"24":{"start":{"line":59,"column":2},"end":{"line":82,"column":4}}},"fnMap":{"0":{"name":"(anonymous_0)","decl":{"start":{"line":9,"column":15},"end":{"line":9,"column":16}},"loc":{"start":{"line":9,"column":21},"end":{"line":83,"column":1}},"line":9},"1":{"name":"(anonymous_1)","decl":{"start":{"line":16,"column":18},"end":{"line":16,"column":19}},"loc":{"start":{"line":16,"column":24},"end":{"line":18,"column":3}},"line":16},"2":{"name":"(anonymous_2)","decl":{"start":{"line":20,"column":19},"end":{"line":20,"column":20}},"loc":{"start":{"line":20,"column":31},"end":{"line":33,"column":3}},"line":20},"3":{"name":"(anonymous_3)","decl":{"start":{"line":35,"column":25},"end":{"line":35,"column":26}},"loc":{"start":{"line":35,"column":37},"end":{"line":48,"column":3}},"line":35},"4":{"name":"(anonymous_4)","decl":{"start":{"line":50,"column":12},"end":{"line":50,"column":13}},"loc":{"start":{"line":50,"column":18},"end":{"line":57,"column":3}},"line":50}},"branchMap":{"0":{"loc":{"start":{"line":26,"column":4},"end":{"line":32,"column":5}},"type":"if","locations":[{"start":{"line":26,"column":4},"end":{"line":32,"column":5}},{"start":{"line":26,"column":4},"end":{"line":32,"column":5}}],"line":26},"1":{"loc":{"start":{"line":41,"column":4},"end":{"line":47,"column":5}},"type":"if","locations":[{"start":{"line":41,"column":4},"end":{"line":47,"column":5}},{"start":{"line":41,"column":4},"end":{"line":47,"column":5}}],"line":41},"2":{"loc":{"start":{"line":67,"column":9},"end":{"line":79,"column":9}},"type":"cond-expr","locations":[{"start":{"line":68,"column":10},"end":{"line":68,"column":21}},{"start":{"line":70,"column":10},"end":{"line":78,"column":13}}],"line":67}},"s":{"0":0,"1":0,"2":0,"3":0,"4":0,"5":0,"6":0,"7":0,"8":0,"9":0,"10":0,"11":0,"12":0,"13":0,"14":0,"15":0,"16":0,"17":0,"18":0,"19":0,"20":0,"21":0,"22":0,"23":0,"24":0},"f":{"0":0,"1":0,"2":0,"3":0,"4":0},"b":{"0":[0,0],"1":[0,0],"2":[0,0]}}
,"/Users/arveselovski/projects/photo-browser/src/utils/api.js": {"path":"/Users/arveselovski/projects/photo-browser/src/utils/api.js","statementMap":{"0":{"start":{"line":1,"column":21},"end":{"line":1,"column":59}},"1":{"start":{"line":5,"column":18},"end":{"line":11,"column":3}},"2":{"start":{"line":14,"column":2},"end":{"line":20,"column":3}},"3":{"start":{"line":15,"column":4},"end":{"line":15,"column":78}},"4":{"start":{"line":17,"column":4},"end":{"line":17,"column":25}},"5":{"start":{"line":19,"column":4},"end":{"line":19,"column":59}},"6":{"start":{"line":22,"column":2},"end":{"line":27,"column":3}},"7":{"start":{"line":23,"column":18},"end":{"line":23,"column":62}},"8":{"start":{"line":24,"column":4},"end":{"line":24,"column":25}},"9":{"start":{"line":26,"column":4},"end":{"line":26,"column":84}},"10":{"start":{"line":29,"column":15},"end":{"line":29,"column":36}},"11":{"start":{"line":31,"column":2},"end":{"line":36,"column":4}},"12":{"start":{"line":40,"column":18},"end":{"line":46,"column":3}},"13":{"start":{"line":49,"column":2},"end":{"line":55,"column":3}},"14":{"start":{"line":50,"column":4},"end":{"line":50,"column":62}},"15":{"start":{"line":52,"column":4},"end":{"line":52,"column":25}},"16":{"start":{"line":54,"column":4},"end":{"line":54,"column":59}},"17":{"start":{"line":57,"column":2},"end":{"line":62,"column":3}},"18":{"start":{"line":58,"column":18},"end":{"line":58,"column":62}},"19":{"start":{"line":59,"column":4},"end":{"line":59,"column":25}},"20":{"start":{"line":61,"column":4},"end":{"line":61,"column":84}},"21":{"start":{"line":64,"column":16},"end":{"line":64,"column":58}},"22":{"start":{"line":65,"column":15},"end":{"line":65,"column":36}},"23":{"start":{"line":67,"column":2},"end":{"line":72,"column":4}}},"fnMap":{"0":{"name":"mockData","decl":{"start":{"line":4,"column":22},"end":{"line":4,"column":30}},"loc":{"start":{"line":4,"column":36},"end":{"line":37,"column":1}},"line":4},"1":{"name":"fetchData","decl":{"start":{"line":39,"column":22},"end":{"line":39,"column":31}},"loc":{"start":{"line":39,"column":53},"end":{"line":73,"column":1}},"line":39}},"branchMap":{"0":{"loc":{"start":{"line":22,"column":2},"end":{"line":27,"column":3}},"type":"if","locations":[{"start":{"line":22,"column":2},"end":{"line":27,"column":3}},{"start":{"line":22,"column":2},"end":{"line":27,"column":3}}],"line":22},"1":{"loc":{"start":{"line":39,"column":37},"end":{"line":39,"column":51}},"type":"default-arg","locations":[{"start":{"line":39,"column":46},"end":{"line":39,"column":51}}],"line":39},"2":{"loc":{"start":{"line":57,"column":2},"end":{"line":62,"column":3}},"type":"if","locations":[{"start":{"line":57,"column":2},"end":{"line":62,"column":3}},{"start":{"line":57,"column":2},"end":{"line":62,"column":3}}],"line":57},"3":{"loc":{"start":{"line":64,"column":16},"end":{"line":64,"column":58}},"type":"binary-expr","locations":[{"start":{"line":64,"column":16},"end":{"line":64,"column":53}},{"start":{"line":64,"column":57},"end":{"line":64,"column":58}}],"line":64}},"s":{"0":1,"1":0,"2":0,"3":0,"4":0,"5":0,"6":0,"7":0,"8":0,"9":0,"10":0,"11":0,"12":0,"13":0,"14":0,"15":0,"16":0,"17":0,"18":0,"19":0,"20":0,"21":0,"22":0,"23":0},"f":{"0":0,"1":0},"b":{"0":[0,0],"1":[0],"2":[0,0],"3":[0,0]},"_coverageSchema":"1a1c01bbd47fc00a2c39e90264f33305004495a9","hash":"0f83e134fa5c1f98fc116c0d5931625e48ffe91a"}
,"/Users/arveselovski/projects/photo-browser/src/utils/hooks.js": {"path":"/Users/arveselovski/projects/photo-browser/src/utils/hooks.js","statementMap":{"0":{"start":{"line":4,"column":2},"end":{"line":4,"column":51}}},"fnMap":{"0":{"name":"useQuery","decl":{"start":{"line":3,"column":16},"end":{"line":3,"column":24}},"loc":{"start":{"line":3,"column":27},"end":{"line":5,"column":1}},"line":3}},"branchMap":{},"s":{"0":0},"f":{"0":0},"b":{},"_coverageSchema":"1a1c01bbd47fc00a2c39e90264f33305004495a9","hash":"4db5c93ce6b5278aaccfdc94445efd8b575ba4ee"}
}
